TN:
SF:src/SLOW.sol
DA:82,89
FN:82,SLOW.constructor
FNDA:89,SLOW.constructor
DA:83,89
DA:84,89
DA:85,89
DA:86,89
DA:91,3
FN:91,SLOW.html
FNDA:3,SLOW.html
DA:92,3
DA:97,1
FN:97,SLOW.name
FNDA:1,SLOW.name
DA:98,1
DA:101,1
FN:101,SLOW.symbol
FNDA:1,SLOW.symbol
DA:102,1
DA:105,29
FN:105,SLOW.uri
FNDA:29,SLOW.uri
DA:106,29
DA:111,1
FN:111,SLOW.predictTransferId
FNDA:1,SLOW.predictTransferId
DA:116,1
DA:119,9
FN:119,SLOW.decodeId
FNDA:9,SLOW.decodeId
DA:120,38
DA:123,9
FN:123,SLOW.encodeId
FNDA:9,SLOW.encodeId
DA:124,2624
DA:127,3
FN:127,SLOW.canReverseTransfer
FNDA:3,SLOW.canReverseTransfer
DA:133,3
DA:135,3
BRDA:135,0,0,1
DA:137,2
BRDA:137,1,0,1
DA:138,1
DA:141,1
DA:145,3
FN:145,SLOW.isGuardianApprovalNeeded
FNDA:3,SLOW.isGuardianApprovalNeeded
DA:150,3
DA:157,3
FN:157,SLOW.canChangeGuardian
FNDA:3,SLOW.canChangeGuardian
DA:163,3
BRDA:163,2,0,1
DA:164,2
DA:165,2
DA:171,3
FN:171,SLOW.getOutboundTransfers
FNDA:3,SLOW.getOutboundTransfers
DA:172,3
DA:175,2
FN:175,SLOW.getInboundTransfers
FNDA:2,SLOW.getInboundTransfers
DA:176,2
DA:179,11
FN:179,SLOW.outboundTransferCount
FNDA:11,SLOW.outboundTransferCount
DA:180,11
DA:183,12
FN:183,SLOW.inboundTransferCount
FNDA:12,SLOW.inboundTransferCount
DA:184,12
DA:187,3
FN:187,SLOW.outboundTransferAt
FNDA:3,SLOW.outboundTransferAt
DA:188,3
DA:191,3
FN:191,SLOW.inboundTransferAt
FNDA:3,SLOW.inboundTransferAt
DA:192,3
DA:202,10
FN:202,SLOW.setGuardian
FNDA:10,SLOW.setGuardian
DA:204,10
BRDA:204,3,0,3
DA:205,3
BRDA:205,4,0,1
BRDA:205,4,1,2
DA:211,9
DA:212,9
DA:220,4
FN:220,SLOW.approveTransfer
FNDA:4,SLOW.approveTransfer
DA:221,4
BRDA:221,5,0,1
BRDA:221,5,1,3
DA:222,3
DA:223,3
DA:231,270
FN:231,SLOW.unlock
FNDA:270,SLOW.unlock
DA:233,269
DA:234,269
BRDA:234,6,0,1
BRDA:234,6,1,268
DA:235,268
DA:236,268
BRDA:236,7,0,2
BRDA:236,7,1,266
DA:237,266
DA:238,266
DA:239,266
DA:240,266
DA:242,266
DA:251,524
FN:251,SLOW.claim.0
FNDA:524,SLOW.claim.0
DA:253,523
DA:254,523
BRDA:254,8,0,3
BRDA:254,8,1,520
DA:255,520
DA:256,520
BRDA:256,9,0,1
BRDA:256,9,1,519
DA:257,519
DA:258,519
BRDA:258,10,0,1
BRDA:258,10,1,518
DA:259,518
DA:260,518
DA:262,518
DA:263,518
DA:264,518
DA:267,518
DA:268,518
BRDA:268,11,0,261
BRDA:268,11,1,257
DA:269,257
DA:271,518
DA:277,2621
FN:277,SLOW.depositTo
FNDA:2621,SLOW.depositTo
DA:283,2621
BRDA:283,12,0,2358
BRDA:283,12,1,261
DA:284,2358
BRDA:284,13,0,4
BRDA:284,13,1,2354
DA:285,2354
DA:287,263
BRDA:287,14,0,2
BRDA:287,14,1,261
DA:288,261
DA:291,2615
DA:294,2615
DA:296,2615
BRDA:296,15,0,2331
BRDA:296,15,1,284
DA:297,2331
DA:301,2331
DA:304,2331
DA:305,2331
DA:307,2331
DA:309,284
DA:316,520
FN:316,SLOW.withdrawFrom
FNDA:520,SLOW.withdrawFrom
DA:320,520
DA:323,519
BRDA:323,16,0,2
DA:324,2
BRDA:324,17,0,1
BRDA:324,17,1,1
DA:332,518
DA:334,518
DA:336,518
BRDA:336,18,0,517
BRDA:336,18,1,1
DA:337,517
DA:339,1
DA:346,8
FN:346,SLOW.safeTransferFrom
FNDA:8,SLOW.safeTransferFrom
DA:353,8
DA:356,7
DA:357,7
DA:358,7
DA:360,4
BRDA:360,19,0,4
BRDA:360,19,1,1
DA:361,4
DA:364,4
BRDA:364,20,0,2
DA:365,2
BRDA:365,21,0,1
BRDA:365,21,1,1
DA:368,3
BRDA:368,22,0,2
BRDA:368,22,1,1
DA:369,2
DA:372,2
DA:373,2
DA:375,2
DA:377,1
DA:380,3
DA:383,6
DA:396,271
FN:396,SLOW.reverse
FNDA:271,SLOW.reverse
DA:398,271
DA:399,271
BRDA:399,23,0,3
BRDA:399,23,1,268
DA:400,268
DA:401,268
BRDA:401,24,0,2
BRDA:401,24,1,266
DA:402,266
BRDA:402,25,0,2
DA:403,2
BRDA:403,26,0,1
BRDA:403,26,1,1
DA:405,265
DA:406,265
DA:407,265
DA:408,265
DA:410,265
DA:411,265
DA:422,263
FN:422,SLOW.clawback
FNDA:263,SLOW.clawback
DA:424,263
DA:425,263
BRDA:425,27,0,1
BRDA:425,27,1,262
DA:426,262
DA:427,262
BRDA:427,28,0,2
BRDA:427,28,1,260
DA:430,260
DA:431,260
BRDA:431,29,0,1
BRDA:431,29,1,259
DA:432,259
DA:433,259
DA:435,259
DA:436,259
DA:437,259
DA:440,259
DA:441,259
BRDA:441,30,0,258
BRDA:441,30,1,1
DA:442,1
DA:444,259
DA:450,29
FN:450,SLOW._formatDelay
FNDA:29,SLOW._formatDelay
DA:452,29
BRDA:452,31,0,14
DA:453,14
DA:454,14
DA:456,15
BRDA:456,32,0,4
DA:457,4
DA:458,4
DA:460,11
BRDA:460,33,0,4
DA:461,4
DA:462,4
DA:464,7
DA:468,29
FN:468,SLOW._createURI
FNDA:29,SLOW._createURI
DA:469,29
DA:471,29
DA:472,29
DA:473,29
DA:475,29
BRDA:475,34,0,18
BRDA:475,34,1,11
DA:478,18
DA:479,18
DA:480,18
DA:483,11
DA:484,11
DA:485,11
DA:488,29
DA:490,29
DA:502,29
DA:505,29
DA:518,29
DA:527,39
FN:527,SLOW._utf8Trim
FNDA:39,SLOW._utf8Trim
DA:528,39
DA:529,39
DA:531,42
DA:533,3
DA:536,39
BRDA:536,35,0,39
DA:537,39
DA:538,39
BRDA:538,36,0,2
DA:540,2
DA:541,2
DA:542,2
BRDA:542,37,0,1
BRDA:542,37,1,1
DA:544,1
DA:548,1
DA:553,39
BRDA:553,38,0,38
DA:554,1
DA:555,1
DA:556,62
DA:558,1
DA:563,29
FN:563,SLOW._clipForDisplay
FNDA:29,SLOW._clipForDisplay
DA:568,29
DA:569,29
BRDA:569,39,0,26
DA:570,3
DA:571,3
DA:572,84
DA:574,3
DA:577,29
FN:577,SLOW._createImage
FNDA:29,SLOW._createImage
DA:584,29
DA:585,29
DA:589,29
DA:599,29
DA:609,29
DA:628,29
DA:632,29
DA:639,1
FN:639,SLOW.safeBatchTransferFrom
FNDA:1,SLOW.safeBatchTransferFrom
DA:646,1
DA:662,0
FN:662,SLOWGate.claim.1
FNDA:0,SLOWGate.claim.1
DA:663,0
DA:666,0
FN:666,SLOWGate.claimMany
FNDA:0,SLOWGate.claimMany
DA:668,0
DA:669,0
FNF:34
FNH:32
LF:216
LH:211
BRF:66
BRH:66
end_of_record
TN:
SF:test/SLOW.t.sol
DA:1787,1
FN:1787,MockHtmlRegistry.setHtmlAsTarget
FNDA:1,MockHtmlRegistry.setHtmlAsTarget
DA:1788,1
DA:1789,1
DA:1807,85
FN:1807,MockERC20.constructor.0
FNDA:85,MockERC20.constructor.0
DA:1808,85
DA:1809,85
DA:1810,85
DA:1813,260
FN:1813,MockERC20.approve
FNDA:260,MockERC20.approve
DA:1814,260
DA:1815,260
DA:1816,260
DA:1819,259
FN:1819,MockERC20.transfer
FNDA:259,MockERC20.transfer
DA:1820,259
DA:1821,259
DA:1822,259
DA:1823,259
DA:1826,260
FN:1826,MockERC20.transferFrom
FNDA:260,MockERC20.transferFrom
DA:1827,260
BRDA:1827,6,0,260
DA:1828,260
DA:1829,260
BRDA:1829,7,0,260
DA:1830,260
DA:1834,260
DA:1835,260
DA:1837,260
DA:1838,260
DA:1842,426
FN:1842,MockERC20.mint
FNDA:426,MockERC20.mint
DA:1843,426
DA:1844,426
DA:1845,426
DA:1856,1
FN:1856,ReentrantClaimReceiver.constructor.1
FNDA:1,ReentrantClaimReceiver.constructor.1
DA:1857,1
DA:1860,1
FN:1860,ReentrantClaimReceiver.deposit.0
FNDA:1,ReentrantClaimReceiver.deposit.0
DA:1861,1
DA:1864,1
FN:1864,ReentrantClaimReceiver.callClaim
FNDA:1,ReentrantClaimReceiver.callClaim
DA:1865,1
DA:1866,1
DA:1869,1
FN:1869,ReentrantClaimReceiver.receive
FNDA:1,ReentrantClaimReceiver.receive
DA:1871,1
BRDA:1871,8,0,1
DA:1874,1
BRDA:1874,8,1,1
DA:1875,1
BRDA:1875,9,0,1
DA:1879,1
FN:1879,ReentrantClaimReceiver.onERC1155Received.0
FNDA:1,ReentrantClaimReceiver.onERC1155Received.0
DA:1884,1
DA:1887,0
FN:1887,ReentrantClaimReceiver.onERC1155BatchReceived.0
FNDA:0,ReentrantClaimReceiver.onERC1155BatchReceived.0
DA:1894,0
DA:1903,1
FN:1903,ReentrantReceiver.constructor.2
FNDA:1,ReentrantReceiver.constructor.2
DA:1904,1
DA:1907,1
FN:1907,ReentrantReceiver.deposit.1
FNDA:1,ReentrantReceiver.deposit.1
DA:1908,1
DA:1911,1
FN:1911,ReentrantReceiver.callReverse
FNDA:1,ReentrantReceiver.callReverse
DA:1912,1
DA:1915,1
FN:1915,ReentrantReceiver.onERC1155Received.1
FNDA:1,ReentrantReceiver.onERC1155Received.1
DA:1920,1
BRDA:1920,10,0,1
DA:1923,1
BRDA:1923,10,1,1
DA:1925,1
BRDA:1925,11,0,1
DA:1926,1
DA:1929,1
DA:1932,0
FN:1932,ReentrantReceiver.onERC1155BatchReceived.1
FNDA:0,ReentrantReceiver.onERC1155BatchReceived.1
DA:1939,0
DA:1945,1
FN:1945,EvilToken.name.0
FNDA:1,EvilToken.name.0
DA:1946,1
DA:1949,1
FN:1949,EvilToken.symbol.0
FNDA:1,EvilToken.symbol.0
DA:1950,1
DA:1953,0
FN:1953,EvilToken.decimals
FNDA:0,EvilToken.decimals
DA:1954,0
DA:1962,1
FN:1962,LongCjkTailToken.name.1
FNDA:1,LongCjkTailToken.name.1
DA:1963,1
DA:1970,1
FN:1970,LongCjkTailToken.symbol.1
FNDA:1,LongCjkTailToken.symbol.1
DA:1971,1
DA:1978,1
FN:1978,CompleteCjkTailToken.name.2
FNDA:1,CompleteCjkTailToken.name.2
DA:1979,1
DA:1986,1
FN:1986,CompleteCjkTailToken.symbol.2
FNDA:1,CompleteCjkTailToken.symbol.2
DA:1987,1
DA:1994,1
FN:1994,LongAsciiNameToken.name.3
FNDA:1,LongAsciiNameToken.name.3
DA:1995,1
DA:1998,1
FN:1998,LongAsciiNameToken.symbol.3
FNDA:1,LongAsciiNameToken.symbol.3
DA:1999,1
FNF:26
FNH:23
LF:76
LH:70
BRF:8
BRH:8
end_of_record
